Arguments: 
  C:\Program Files\nodejs\node.exe C:\Users\Nelo\AppData\Roaming\npm\node_modules\yarn\bin\yarn.js add sqlite3 --save

PATH: 
  C:\Program Files\Git\mingw64\bin;C:\Program Files\Git\usr\bin;C:\Users\Nelo\bin;C:\Program Files (x86)\Common Files\Intel\Shared Libraries\redist\intel64_win\compiler;C:\ProgramData\Oracle\Java\javapath;C:\WINDOWS\system32;C:\WINDOWS;C:\WINDOWS\System32\Wbem;C:\WINDOWS\System32\WindowsPowerShell\v1.0;C:\WINDOWS\System32\OpenSSH;C:\Program Files\dotnet;C:\Program Files\Microsoft SQL Server\130\Tools\Binn;C:\Users\Nelo\.dnx\bin;C:\Program Files\Microsoft DNX\Dnvm;C:\Program Files\Microsoft SQL Server\120\Tools\Binn;C:\wamp64\bin\php\php7.3.5;C:\composer;C:\Program Files\Git\cmd;C:\Program Files\Docker\Docker\resources\bin;C:\ProgramData\DockerDesktop\version-bin;C:\Program Files\nodejs;C:\Users\Nelo\AppData\Local\Microsoft\WindowsApps;C:\Users\Nelo\AppData\Roaming\Composer\vendor\bin;C:\Users\Nelo\AppData\Local\Programs\Microsoft VS Code\bin;C:\Users\Nelo\AppData\Roaming\npm

Yarn version: 
  1.22.10

Node version: 
  14.16.1

Platform: 
  win32 x64

Trace: 
  Error: https://registry.yarnpkg.com/@types%2fexpress: tunneling socket could not be established, statusCode=405
      at ClientRequest.onConnect (C:\Users\Nelo\AppData\Roaming\npm\node_modules\yarn\lib\cli.js:152224:19)
      at Object.onceWrapper (events.js:422:26)
      at ClientRequest.emit (events.js:315:20)
      at Socket.socketOnData (_http_client.js:547:11)
      at Socket.emit (events.js:315:20)
      at addChunk (internal/streams/readable.js:309:12)
      at readableAddChunk (internal/streams/readable.js:284:9)
      at Socket.Readable.push (internal/streams/readable.js:223:10)
      at TCP.onStreamRead (internal/stream_base_commons.js:188:23)

npm manifest: 
  {
    "name": "package.json",
    "version": "1.0.0",
    "description": "Back-end do nlw ",
    "main": "index.js",
    "scripts": {
      "dev": "ts-node-dev src/server.ts",
      "typeorm": "ts-node-dev node_modules/typeorm/cli.js"
    },
    "repository": "https://github.com/luiscaputo/nlw5.git",
    "author": "Luís Afonso Caputo",
    "license": "MIT",
    "private": true,
    "dependencies": {
      "@types/express": "^4.17.11",
      "express": "^4.17.1",
      "mssql": "^6.3.1",
      "mysql": "^2.18.1",
      "reflect-metadata": "^0.1.13",
      "sucrase": "^3.18.1",
      "typeorm": "^0.2.32"
    },
    "devDependencies": {
      "@types/node": "^14.14.41",
      "ts-node-dev": "^1.1.6",
      "typescript": "^4.2.4"
    }
  }

yarn manifest: 
  No manifest

Lockfile: 
  # THIS IS AN AUTOGENERATED FILE. DO NOT EDIT THIS FILE DIRECTLY.
  # yarn lockfile v1
